<?xml version="1.0" encoding="utf-8"?>
<coverage line-rate="1" branch-rate="1" version="1.9" timestamp="1765973831" lines-covered="71" lines-valid="71" branches-covered="22" branches-valid="22">
  <sources>
    <source>C:\Users\sudek\source\repos\FitnessReservation\FitnessReservation.Pricing\</source>
  </sources>
  <packages>
    <package name="FitnessReservation.Pricing" line-rate="1" branch-rate="1" complexity="32">
      <classes>
        <class name="FitnessReservation.Pricing.Services.BasePriceProvider" filename="Services\BasePriceProvider.cs" line-rate="1" branch-rate="1" complexity="6">
          <methods>
            <method name="GetBasePrice" signature="(FitnessReservation.Pricing.Models.SportType)" line-rate="1" branch-rate="1" complexity="6">
              <lines>
                <line number="8" hits="26" branch="False" />
                <line number="9" hits="26" branch="True" condition-coverage="100% (6/6)">
                  <conditions>
                    <condition number="6" type="switch" coverage="100%" />
                  </conditions>
                </line>
                <line number="10" hits="26" branch="False" />
                <line number="11" hits="6" branch="False" />
                <line number="12" hits="6" branch="False" />
                <line number="13" hits="4" branch="False" />
                <line number="14" hits="4" branch="False" />
                <line number="15" hits="5" branch="False" />
                <line number="16" hits="1" branch="False" />
                <line number="17" hits="26" branch="False" />
                <line number="18" hits="25" branch="False" />
              </lines>
            </method>
          </methods>
          <lines>
            <line number="8" hits="26" branch="False" />
            <line number="9" hits="26" branch="True" condition-coverage="100% (6/6)">
              <conditions>
                <condition number="6" type="switch" coverage="100%" />
              </conditions>
            </line>
            <line number="10" hits="26" branch="False" />
            <line number="11" hits="6" branch="False" />
            <line number="12" hits="6" branch="False" />
            <line number="13" hits="4" branch="False" />
            <line number="14" hits="4" branch="False" />
            <line number="15" hits="5" branch="False" />
            <line number="16" hits="1" branch="False" />
            <line number="17" hits="26" branch="False" />
            <line number="18" hits="25" branch="False" />
          </lines>
        </class>
        <class name="FitnessReservation.Pricing.Services.MultiplierProvider" filename="Services\MultiplierProvider.cs" line-rate="1" branch-rate="1" complexity="10">
          <methods>
            <method name="GetMembershipMultiplier" signature="(FitnessReservation.Pricing.Models.MembershipType)" line-rate="1" branch-rate="1" complexity="4">
              <lines>
                <line number="8" hits="24" branch="False" />
                <line number="9" hits="24" branch="True" condition-coverage="100% (4/4)">
                  <conditions>
                    <condition number="6" type="switch" coverage="100%" />
                  </conditions>
                </line>
                <line number="10" hits="24" branch="False" />
                <line number="11" hits="7" branch="False" />
                <line number="12" hits="8" branch="False" />
                <line number="13" hits="8" branch="False" />
                <line number="14" hits="1" branch="False" />
                <line number="15" hits="24" branch="False" />
                <line number="16" hits="23" branch="False" />
              </lines>
            </method>
            <method name="GetTimeMultiplier" signature="(System.Boolean)" line-rate="1" branch-rate="1" complexity="2">
              <lines>
                <line number="19" hits="22" branch="False" />
                <line number="20" hits="22" branch="True" condition-coverage="100% (2/2)">
                  <conditions>
                    <condition number="2" type="jump" coverage="100%" />
                  </conditions>
                </line>
                <line number="21" hits="22" branch="False" />
              </lines>
            </method>
            <method name="GetOccupancyMultiplier" signature="(FitnessReservation.Pricing.Models.OccupancyLevel)" line-rate="1" branch-rate="1" complexity="4">
              <lines>
                <line number="24" hits="24" branch="False" />
                <line number="25" hits="24" branch="True" condition-coverage="100% (4/4)">
                  <conditions>
                    <condition number="6" type="switch" coverage="100%" />
                  </conditions>
                </line>
                <line number="26" hits="24" branch="False" />
                <line number="27" hits="9" branch="False" />
                <line number="28" hits="7" branch="False" />
                <line number="29" hits="7" branch="False" />
                <line number="30" hits="1" branch="False" />
                <line number="31" hits="24" branch="False" />
                <line number="32" hits="23" branch="False" />
              </lines>
            </method>
          </methods>
          <lines>
            <line number="8" hits="24" branch="False" />
            <line number="9" hits="24" branch="True" condition-coverage="100% (4/4)">
              <conditions>
                <condition number="6" type="switch" coverage="100%" />
              </conditions>
            </line>
            <line number="10" hits="24" branch="False" />
            <line number="11" hits="7" branch="False" />
            <line number="12" hits="8" branch="False" />
            <line number="13" hits="8" branch="False" />
            <line number="14" hits="1" branch="False" />
            <line number="15" hits="24" branch="False" />
            <line number="16" hits="23" branch="False" />
            <line number="19" hits="22" branch="False" />
            <line number="20" hits="22" branch="True" condition-coverage="100% (2/2)">
              <conditions>
                <condition number="2" type="jump" coverage="100%" />
              </conditions>
            </line>
            <line number="21" hits="22" branch="False" />
            <line number="24" hits="24" branch="False" />
            <line number="25" hits="24" branch="True" condition-coverage="100% (4/4)">
              <conditions>
                <condition number="6" type="switch" coverage="100%" />
              </conditions>
            </line>
            <line number="26" hits="24" branch="False" />
            <line number="27" hits="9" branch="False" />
            <line number="28" hits="7" branch="False" />
            <line number="29" hits="7" branch="False" />
            <line number="30" hits="1" branch="False" />
            <line number="31" hits="24" branch="False" />
            <line number="32" hits="23" branch="False" />
          </lines>
        </class>
        <class name="FitnessReservation.Pricing.Services.PricingEngine" filename="Services\PricingEngine.cs" line-rate="1" branch-rate="1" complexity="6">
          <methods>
            <method name="Calculate" signature="(FitnessReservation.Pricing.Models.PricingRequest)" line-rate="1" branch-rate="1" complexity="2">
              <lines>
                <line number="19" hits="21" branch="False" />
                <line number="20" hits="22" branch="True" condition-coverage="100% (2/2)">
                  <conditions>
                    <condition number="9" type="jump" coverage="100%" />
                  </conditions>
                </line>
                <line number="22" hits="20" branch="False" />
                <line number="24" hits="20" branch="False" />
                <line number="25" hits="20" branch="False" />
                <line number="27" hits="20" branch="False" />
                <line number="28" hits="20" branch="False" />
                <line number="30" hits="20" branch="False" />
                <line number="31" hits="20" branch="False" />
                <line number="33" hits="20" branch="False" />
                <line number="34" hits="20" branch="False" />
                <line number="36" hits="20" branch="False" />
                <line number="38" hits="20" branch="False" />
                <line number="39" hits="20" branch="False" />
                <line number="40" hits="20" branch="False" />
                <line number="41" hits="20" branch="False" />
                <line number="42" hits="20" branch="False" />
                <line number="43" hits="20" branch="False" />
                <line number="44" hits="20" branch="False" />
                <line number="45" hits="20" branch="False" />
                <line number="46" hits="20" branch="False" />
                <line number="47" hits="20" branch="False" />
              </lines>
            </method>
            <method name=".ctor" signature="(FitnessReservation.Pricing.Services.BasePriceProvider,FitnessReservation.Pricing.Services.MultiplierProvider)" line-rate="1" branch-rate="1" complexity="4">
              <lines>
                <line number="10" hits="23" branch="False" />
                <line number="11" hits="23" branch="False" />
                <line number="12" hits="23" branch="False" />
                <line number="13" hits="23" branch="False" />
                <line number="14" hits="23" branch="True" condition-coverage="100% (2/2)">
                  <conditions>
                    <condition number="11" type="jump" coverage="100%" />
                  </conditions>
                </line>
                <line number="15" hits="22" branch="True" condition-coverage="100% (2/2)">
                  <conditions>
                    <condition number="33" type="jump" coverage="100%" />
                  </conditions>
                </line>
                <line number="16" hits="21" branch="False" />
              </lines>
            </method>
          </methods>
          <lines>
            <line number="19" hits="21" branch="False" />
            <line number="20" hits="22" branch="True" condition-coverage="100% (2/2)">
              <conditions>
                <condition number="9" type="jump" coverage="100%" />
              </conditions>
            </line>
            <line number="22" hits="20" branch="False" />
            <line number="24" hits="20" branch="False" />
            <line number="25" hits="20" branch="False" />
            <line number="27" hits="20" branch="False" />
            <line number="28" hits="20" branch="False" />
            <line number="30" hits="20" branch="False" />
            <line number="31" hits="20" branch="False" />
            <line number="33" hits="20" branch="False" />
            <line number="34" hits="20" branch="False" />
            <line number="36" hits="20" branch="False" />
            <line number="38" hits="20" branch="False" />
            <line number="39" hits="20" branch="False" />
            <line number="40" hits="20" branch="False" />
            <line number="41" hits="20" branch="False" />
            <line number="42" hits="20" branch="False" />
            <line number="43" hits="20" branch="False" />
            <line number="44" hits="20" branch="False" />
            <line number="45" hits="20" branch="False" />
            <line number="46" hits="20" branch="False" />
            <line number="47" hits="20" branch="False" />
            <line number="10" hits="23" branch="False" />
            <line number="11" hits="23" branch="False" />
            <line number="12" hits="23" branch="False" />
            <line number="13" hits="23" branch="False" />
            <line number="14" hits="23" branch="True" condition-coverage="100% (2/2)">
              <conditions>
                <condition number="11" type="jump" coverage="100%" />
              </conditions>
            </line>
            <line number="15" hits="22" branch="True" condition-coverage="100% (2/2)">
              <conditions>
                <condition number="33" type="jump" coverage="100%" />
              </conditions>
            </line>
            <line number="16" hits="21" branch="False" />
          </lines>
        </class>
        <class name="FitnessReservation.Pricing.Models.PricingRequest" filename="Models\PricingRequest.cs" line-rate="1" branch-rate="1" complexity="4">
          <methods>
            <method name="get_Sport" signature="()" line-rate="1" branch-rate="1" complexity="1">
              <lines>
                <line number="7" hits="40" branch="False" />
              </lines>
            </method>
            <method name="get_Membership" signature="()" line-rate="1" branch-rate="1" complexity="1">
              <lines>
                <line number="8" hits="40" branch="False" />
              </lines>
            </method>
            <method name="get_IsPeak" signature="()" line-rate="1" branch-rate="1" complexity="1">
              <lines>
                <line number="9" hits="40" branch="False" />
              </lines>
            </method>
            <method name="get_Occupancy" signature="()" line-rate="1" branch-rate="1" complexity="1">
              <lines>
                <line number="10" hits="40" branch="False" />
              </lines>
            </method>
          </methods>
          <lines>
            <line number="7" hits="40" branch="False" />
            <line number="8" hits="40" branch="False" />
            <line number="9" hits="40" branch="False" />
            <line number="10" hits="40" branch="False" />
          </lines>
        </class>
        <class name="FitnessReservation.Pricing.Models.PricingResult" filename="Models\PricingResult.cs" line-rate="1" branch-rate="1" complexity="6">
          <methods>
            <method name="get_BasePrice" signature="()" line-rate="1" branch-rate="1" complexity="1">
              <lines>
                <line number="5" hits="22" branch="False" />
              </lines>
            </method>
            <method name="get_MembershipMultiplier" signature="()" line-rate="1" branch-rate="1" complexity="1">
              <lines>
                <line number="7" hits="21" branch="False" />
              </lines>
            </method>
            <method name="get_TimeMultiplier" signature="()" line-rate="1" branch-rate="1" complexity="1">
              <lines>
                <line number="8" hits="21" branch="False" />
              </lines>
            </method>
            <method name="get_OccupancyMultiplier" signature="()" line-rate="1" branch-rate="1" complexity="1">
              <lines>
                <line number="9" hits="21" branch="False" />
              </lines>
            </method>
            <method name="get_TotalMultiplier" signature="()" line-rate="1" branch-rate="1" complexity="1">
              <lines>
                <line number="11" hits="24" branch="False" />
              </lines>
            </method>
            <method name="get_FinalPrice" signature="()" line-rate="1" branch-rate="1" complexity="1">
              <lines>
                <line number="12" hits="40" branch="False" />
              </lines>
            </method>
          </methods>
          <lines>
            <line number="5" hits="22" branch="False" />
            <line number="7" hits="21" branch="False" />
            <line number="8" hits="21" branch="False" />
            <line number="9" hits="21" branch="False" />
            <line number="11" hits="24" branch="False" />
            <line number="12" hits="40" branch="False" />
          </lines>
        </class>
      </classes>
    </package>
  </packages>
</coverage>